<?xml version="1.0" encoding="UTF-8"?>
<testsuite xmlns:xsi="http://www.w3.org/2001/XMLSchema-instance" xsi:noNamespaceSchemaLocation="https://maven.apache.org/surefire/maven-surefire-plugin/xsd/surefire-test-report.xsd" name="com.talentica.talenticaproduct.TalenticaProductApplicationTests" time="24.668" tests="1" errors="0" skipped="0" failures="0">
  <properties>
    <property name="sun.desktop" value="windows"/>
    <property name="awt.toolkit" value="sun.awt.windows.WToolkit"/>
    <property name="file.encoding.pkg" value="sun.io"/>
    <property name="java.specification.version" value="1.8"/>
    <property name="sun.cpu.isalist" value="amd64"/>
    <property name="sun.jnu.encoding" value="Cp1252"/>
    <property name="java.class.path" value="E:\EclipseNeonWorkspace1\talenticaProduct\target\test-classes;E:\EclipseNeonWorkspace1\talenticaProduct\target\classes;E:\repository\org\springframework\boot\spring-boot-starter-aop\2.4.1\spring-boot-starter-aop-2.4.1.jar;E:\repository\org\springframework\boot\spring-boot-starter\2.4.1\spring-boot-starter-2.4.1.jar;E:\repository\org\springframework\boot\spring-boot-starter-logging\2.4.1\spring-boot-starter-logging-2.4.1.jar;E:\repository\ch\qos\logback\logback-classic\1.2.3\logback-classic-1.2.3.jar;E:\repository\ch\qos\logback\logback-core\1.2.3\logback-core-1.2.3.jar;E:\repository\org\apache\logging\log4j\log4j-to-slf4j\2.13.3\log4j-to-slf4j-2.13.3.jar;E:\repository\org\apache\logging\log4j\log4j-api\2.13.3\log4j-api-2.13.3.jar;E:\repository\org\slf4j\jul-to-slf4j\1.7.30\jul-to-slf4j-1.7.30.jar;E:\repository\jakarta\annotation\jakarta.annotation-api\1.3.5\jakarta.annotation-api-1.3.5.jar;E:\repository\org\yaml\snakeyaml\1.27\snakeyaml-1.27.jar;E:\repository\org\springframework\spring-aop\5.3.2\spring-aop-5.3.2.jar;E:\repository\org\springframework\spring-beans\5.3.2\spring-beans-5.3.2.jar;E:\repository\org\aspectj\aspectjweaver\1.9.6\aspectjweaver-1.9.6.jar;E:\repository\org\springframework\boot\spring-boot-starter-data-jpa\2.4.1\spring-boot-starter-data-jpa-2.4.1.jar;E:\repository\org\springframework\boot\spring-boot-starter-jdbc\2.4.1\spring-boot-starter-jdbc-2.4.1.jar;E:\repository\com\zaxxer\HikariCP\3.4.5\HikariCP-3.4.5.jar;E:\repository\org\springframework\spring-jdbc\5.3.2\spring-jdbc-5.3.2.jar;E:\repository\jakarta\transaction\jakarta.transaction-api\1.3.3\jakarta.transaction-api-1.3.3.jar;E:\repository\jakarta\persistence\jakarta.persistence-api\2.2.3\jakarta.persistence-api-2.2.3.jar;E:\repository\org\hibernate\hibernate-core\5.4.25.Final\hibernate-core-5.4.25.Final.jar;E:\repository\org\jboss\logging\jboss-logging\3.4.1.Final\jboss-logging-3.4.1.Final.jar;E:\repository\org\javassist\javassist\3.27.0-GA\javassist-3.27.0-GA.jar;E:\repository\net\bytebuddy\byte-buddy\1.10.18\byte-buddy-1.10.18.jar;E:\repository\antlr\antlr\2.7.7\antlr-2.7.7.jar;E:\repository\org\jboss\jandex\2.1.3.Final\jandex-2.1.3.Final.jar;E:\repository\com\fasterxml\classmate\1.5.1\classmate-1.5.1.jar;E:\repository\org\dom4j\dom4j\2.1.3\dom4j-2.1.3.jar;E:\repository\org\hibernate\common\hibernate-commons-annotations\5.1.2.Final\hibernate-commons-annotations-5.1.2.Final.jar;E:\repository\org\springframework\data\spring-data-jpa\2.4.2\spring-data-jpa-2.4.2.jar;E:\repository\org\springframework\data\spring-data-commons\2.4.2\spring-data-commons-2.4.2.jar;E:\repository\org\springframework\spring-orm\5.3.2\spring-orm-5.3.2.jar;E:\repository\org\springframework\spring-context\5.3.2\spring-context-5.3.2.jar;E:\repository\org\springframework\spring-tx\5.3.2\spring-tx-5.3.2.jar;E:\repository\org\slf4j\slf4j-api\1.7.30\slf4j-api-1.7.30.jar;E:\repository\org\springframework\spring-aspects\5.3.2\spring-aspects-5.3.2.jar;E:\repository\org\springframework\boot\spring-boot-starter-data-rest\2.4.1\spring-boot-starter-data-rest-2.4.1.jar;E:\repository\org\springframework\data\spring-data-rest-webmvc\3.4.2\spring-data-rest-webmvc-3.4.2.jar;E:\repository\org\springframework\data\spring-data-rest-core\3.4.2\spring-data-rest-core-3.4.2.jar;E:\repository\org\springframework\hateoas\spring-hateoas\1.2.2\spring-hateoas-1.2.2.jar;E:\repository\org\springframework\plugin\spring-plugin-core\2.0.0.RELEASE\spring-plugin-core-2.0.0.RELEASE.jar;E:\repository\org\atteo\evo-inflector\1.2.2\evo-inflector-1.2.2.jar;E:\repository\org\springframework\boot\spring-boot-starter-oauth2-client\2.4.1\spring-boot-starter-oauth2-client-2.4.1.jar;E:\repository\com\sun\mail\jakarta.mail\1.6.5\jakarta.mail-1.6.5.jar;E:\repository\com\sun\activation\jakarta.activation\1.2.2\jakarta.activation-1.2.2.jar;E:\repository\org\springframework\security\spring-security-config\5.4.2\spring-security-config-5.4.2.jar;E:\repository\org\springframework\security\spring-security-core\5.4.2\spring-security-core-5.4.2.jar;E:\repository\org\springframework\spring-expression\5.3.2\spring-expression-5.3.2.jar;E:\repository\org\springframework\security\spring-security-oauth2-client\5.4.2\spring-security-oauth2-client-5.4.2.jar;E:\repository\com\nimbusds\oauth2-oidc-sdk\8.23.1\oauth2-oidc-sdk-8.23.1.jar;E:\repository\com\github\stephenc\jcip\jcip-annotations\1.0-1\jcip-annotations-1.0-1.jar;E:\repository\com\nimbusds\content-type\2.1\content-type-2.1.jar;E:\repository\com\nimbusds\lang-tag\1.4.4\lang-tag-1.4.4.jar;E:\repository\org\springframework\security\spring-security-oauth2-core\5.4.2\spring-security-oauth2-core-5.4.2.jar;E:\repository\org\springframework\security\spring-security-oauth2-jose\5.4.2\spring-security-oauth2-jose-5.4.2.jar;E:\repository\com\nimbusds\nimbus-jose-jwt\9.1.3\nimbus-jose-jwt-9.1.3.jar;E:\repository\org\springframework\boot\spring-boot-starter-oauth2-resource-server\2.4.1\spring-boot-starter-oauth2-resource-server-2.4.1.jar;E:\repository\org\springframework\security\spring-security-oauth2-resource-server\5.4.2\spring-security-oauth2-resource-server-5.4.2.jar;E:\repository\org\springframework\boot\spring-boot-starter-security\2.4.1\spring-boot-starter-security-2.4.1.jar;E:\repository\org\springframework\security\spring-security-web\5.4.2\spring-security-web-5.4.2.jar;E:\repository\io\jsonwebtoken\jjwt\0.9.0\jjwt-0.9.0.jar;E:\repository\com\fasterxml\jackson\core\jackson-databind\2.11.3\jackson-databind-2.11.3.jar;E:\repository\com\fasterxml\jackson\dataformat\jackson-dataformat-xml\2.11.3\jackson-dataformat-xml-2.11.3.jar;E:\repository\com\fasterxml\jackson\core\jackson-core\2.11.3\jackson-core-2.11.3.jar;E:\repository\com\fasterxml\jackson\core\jackson-annotations\2.11.3\jackson-annotations-2.11.3.jar;E:\repository\com\fasterxml\jackson\module\jackson-module-jaxb-annotations\2.11.3\jackson-module-jaxb-annotations-2.11.3.jar;E:\repository\jakarta\activation\jakarta.activation-api\1.2.2\jakarta.activation-api-1.2.2.jar;E:\repository\org\codehaus\woodstox\stax2-api\4.2.1\stax2-api-4.2.1.jar;E:\repository\com\fasterxml\woodstox\woodstox-core\6.2.1\woodstox-core-6.2.1.jar;E:\repository\org\springframework\security\spring-security-jwt\1.1.1.RELEASE\spring-security-jwt-1.1.1.RELEASE.jar;E:\repository\org\bouncycastle\bcpkix-jdk15on\1.64\bcpkix-jdk15on-1.64.jar;E:\repository\org\bouncycastle\bcprov-jdk15on\1.64\bcprov-jdk15on-1.64.jar;E:\repository\org\springframework\security\oauth\boot\spring-security-oauth2-autoconfigure\2.4.0\spring-security-oauth2-autoconfigure-2.4.0.jar;E:\repository\javax\xml\bind\jaxb-api\2.3.1\jaxb-api-2.3.1.jar;E:\repository\javax\activation\javax.activation-api\1.2.0\javax.activation-api-1.2.0.jar;E:\repository\org\springframework\boot\spring-boot\2.4.1\spring-boot-2.4.1.jar;E:\repository\org\springframework\boot\spring-boot-autoconfigure\2.4.1\spring-boot-autoconfigure-2.4.1.jar;E:\repository\org\springframework\security\oauth\spring-security-oauth2\2.5.0.RELEASE\spring-security-oauth2-2.5.0.RELEASE.jar;E:\repository\commons-codec\commons-codec\1.15\commons-codec-1.15.jar;E:\repository\org\springframework\spring-web\5.3.2\spring-web-5.3.2.jar;E:\repository\org\glassfish\jaxb\jaxb-runtime\2.3.3\jaxb-runtime-2.3.3.jar;E:\repository\org\glassfish\jaxb\txw2\2.3.3\txw2-2.3.3.jar;E:\repository\com\sun\istack\istack-commons-runtime\3.0.11\istack-commons-runtime-3.0.11.jar;E:\repository\org\springframework\boot\spring-boot-starter-web\2.4.1\spring-boot-starter-web-2.4.1.jar;E:\repository\org\springframework\boot\spring-boot-starter-json\2.4.1\spring-boot-starter-json-2.4.1.jar;E:\repository\com\fasterxml\jackson\datatype\jackson-datatype-jdk8\2.11.3\jackson-datatype-jdk8-2.11.3.jar;E:\repository\com\fasterxml\jackson\datatype\jackson-datatype-jsr310\2.11.3\jackson-datatype-jsr310-2.11.3.jar;E:\repository\com\fasterxml\jackson\module\jackson-module-parameter-names\2.11.3\jackson-module-parameter-names-2.11.3.jar;E:\repository\org\springframework\boot\spring-boot-starter-tomcat\2.4.1\spring-boot-starter-tomcat-2.4.1.jar;E:\repository\org\apache\tomcat\embed\tomcat-embed-core\9.0.41\tomcat-embed-core-9.0.41.jar;E:\repository\org\glassfish\jakarta.el\3.0.3\jakarta.el-3.0.3.jar;E:\repository\org\apache\tomcat\embed\tomcat-embed-websocket\9.0.41\tomcat-embed-websocket-9.0.41.jar;E:\repository\org\springframework\spring-webmvc\5.3.2\spring-webmvc-5.3.2.jar;E:\repository\org\springframework\boot\spring-boot-devtools\2.4.1\spring-boot-devtools-2.4.1.jar;E:\repository\com\microsoft\sqlserver\mssql-jdbc\8.4.1.jre8\mssql-jdbc-8.4.1.jre8.jar;E:\repository\mysql\mysql-connector-java\8.0.22\mysql-connector-java-8.0.22.jar;E:\repository\org\springframework\boot\spring-boot-configuration-processor\2.4.1\spring-boot-configuration-processor-2.4.1.jar;E:\repository\org\projectlombok\lombok\1.18.16\lombok-1.18.16.jar;E:\repository\org\springframework\boot\spring-boot-starter-test\2.4.1\spring-boot-starter-test-2.4.1.jar;E:\repository\org\springframework\boot\spring-boot-test\2.4.1\spring-boot-test-2.4.1.jar;E:\repository\org\springframework\boot\spring-boot-test-autoconfigure\2.4.1\spring-boot-test-autoconfigure-2.4.1.jar;E:\repository\com\jayway\jsonpath\json-path\2.4.0\json-path-2.4.0.jar;E:\repository\net\minidev\json-smart\2.3\json-smart-2.3.jar;E:\repository\net\minidev\accessors-smart\1.2\accessors-smart-1.2.jar;E:\repository\org\ow2\asm\asm\5.0.4\asm-5.0.4.jar;E:\repository\jakarta\xml\bind\jakarta.xml.bind-api\2.3.3\jakarta.xml.bind-api-2.3.3.jar;E:\repository\org\assertj\assertj-core\3.18.1\assertj-core-3.18.1.jar;E:\repository\org\hamcrest\hamcrest\2.2\hamcrest-2.2.jar;E:\repository\org\junit\jupiter\junit-jupiter\5.7.0\junit-jupiter-5.7.0.jar;E:\repository\org\junit\jupiter\junit-jupiter-api\5.7.0\junit-jupiter-api-5.7.0.jar;E:\repository\org\apiguardian\apiguardian-api\1.1.0\apiguardian-api-1.1.0.jar;E:\repository\org\opentest4j\opentest4j\1.2.0\opentest4j-1.2.0.jar;E:\repository\org\junit\platform\junit-platform-commons\1.7.0\junit-platform-commons-1.7.0.jar;E:\repository\org\junit\jupiter\junit-jupiter-params\5.7.0\junit-jupiter-params-5.7.0.jar;E:\repository\org\junit\jupiter\junit-jupiter-engine\5.7.0\junit-jupiter-engine-5.7.0.jar;E:\repository\org\junit\platform\junit-platform-engine\1.7.0\junit-platform-engine-1.7.0.jar;E:\repository\org\mockito\mockito-core\3.6.28\mockito-core-3.6.28.jar;E:\repository\net\bytebuddy\byte-buddy-agent\1.10.18\byte-buddy-agent-1.10.18.jar;E:\repository\org\objenesis\objenesis\3.1\objenesis-3.1.jar;E:\repository\org\mockito\mockito-junit-jupiter\3.6.28\mockito-junit-jupiter-3.6.28.jar;E:\repository\org\skyscreamer\jsonassert\1.5.0\jsonassert-1.5.0.jar;E:\repository\com\vaadin\external\google\android-json\0.0.20131108.vaadin1\android-json-0.0.20131108.vaadin1.jar;E:\repository\org\springframework\spring-core\5.3.2\spring-core-5.3.2.jar;E:\repository\org\springframework\spring-jcl\5.3.2\spring-jcl-5.3.2.jar;E:\repository\org\springframework\spring-test\5.3.2\spring-test-5.3.2.jar;E:\repository\org\xmlunit\xmlunit-core\2.7.0\xmlunit-core-2.7.0.jar;E:\repository\org\springframework\security\spring-security-test\5.4.2\spring-security-test-5.4.2.jar;E:\repository\org\apache\commons\commons-lang3\3.11\commons-lang3-3.11.jar;E:\repository\org\apache\commons\commons-collections4\4.4\commons-collections4-4.4.jar;E:\repository\commons-io\commons-io\1.3.2\commons-io-1.3.2.jar;"/>
    <property name="java.vm.vendor" value="Oracle Corporation"/>
    <property name="sun.arch.data.model" value="64"/>
    <property name="user.variant" value=""/>
    <property name="java.vendor.url" value="http://java.oracle.com/"/>
    <property name="user.timezone" value="Asia/Calcutta"/>
    <property name="java.vm.specification.version" value="1.8"/>
    <property name="os.name" value="Windows 7"/>
    <property name="user.country" value="IN"/>
    <property name="sun.java.launcher" value="SUN_STANDARD"/>
    <property name="sun.boot.library.path" value="C:\Program Files\Java\jdk1.8.0_121\jre\bin"/>
    <property name="sun.java.command" value="C:\Users\Rintu\AppData\Local\Temp\surefire1725902640472408798\surefirebooter819088236469962195.jar C:\Users\Rintu\AppData\Local\Temp\surefire1725902640472408798 2021-01-06T13-46-31_069-jvmRun1 surefire6815571350060106481tmp surefire_05726631077293095507tmp"/>
    <property name="surefire.test.class.path" value="E:\EclipseNeonWorkspace1\talenticaProduct\target\test-classes;E:\EclipseNeonWorkspace1\talenticaProduct\target\classes;E:\repository\org\springframework\boot\spring-boot-starter-aop\2.4.1\spring-boot-starter-aop-2.4.1.jar;E:\repository\org\springframework\boot\spring-boot-starter\2.4.1\spring-boot-starter-2.4.1.jar;E:\repository\org\springframework\boot\spring-boot-starter-logging\2.4.1\spring-boot-starter-logging-2.4.1.jar;E:\repository\ch\qos\logback\logback-classic\1.2.3\logback-classic-1.2.3.jar;E:\repository\ch\qos\logback\logback-core\1.2.3\logback-core-1.2.3.jar;E:\repository\org\apache\logging\log4j\log4j-to-slf4j\2.13.3\log4j-to-slf4j-2.13.3.jar;E:\repository\org\apache\logging\log4j\log4j-api\2.13.3\log4j-api-2.13.3.jar;E:\repository\org\slf4j\jul-to-slf4j\1.7.30\jul-to-slf4j-1.7.30.jar;E:\repository\jakarta\annotation\jakarta.annotation-api\1.3.5\jakarta.annotation-api-1.3.5.jar;E:\repository\org\yaml\snakeyaml\1.27\snakeyaml-1.27.jar;E:\repository\org\springframework\spring-aop\5.3.2\spring-aop-5.3.2.jar;E:\repository\org\springframework\spring-beans\5.3.2\spring-beans-5.3.2.jar;E:\repository\org\aspectj\aspectjweaver\1.9.6\aspectjweaver-1.9.6.jar;E:\repository\org\springframework\boot\spring-boot-starter-data-jpa\2.4.1\spring-boot-starter-data-jpa-2.4.1.jar;E:\repository\org\springframework\boot\spring-boot-starter-jdbc\2.4.1\spring-boot-starter-jdbc-2.4.1.jar;E:\repository\com\zaxxer\HikariCP\3.4.5\HikariCP-3.4.5.jar;E:\repository\org\springframework\spring-jdbc\5.3.2\spring-jdbc-5.3.2.jar;E:\repository\jakarta\transaction\jakarta.transaction-api\1.3.3\jakarta.transaction-api-1.3.3.jar;E:\repository\jakarta\persistence\jakarta.persistence-api\2.2.3\jakarta.persistence-api-2.2.3.jar;E:\repository\org\hibernate\hibernate-core\5.4.25.Final\hibernate-core-5.4.25.Final.jar;E:\repository\org\jboss\logging\jboss-logging\3.4.1.Final\jboss-logging-3.4.1.Final.jar;E:\repository\org\javassist\javassist\3.27.0-GA\javassist-3.27.0-GA.jar;E:\repository\net\bytebuddy\byte-buddy\1.10.18\byte-buddy-1.10.18.jar;E:\repository\antlr\antlr\2.7.7\antlr-2.7.7.jar;E:\repository\org\jboss\jandex\2.1.3.Final\jandex-2.1.3.Final.jar;E:\repository\com\fasterxml\classmate\1.5.1\classmate-1.5.1.jar;E:\repository\org\dom4j\dom4j\2.1.3\dom4j-2.1.3.jar;E:\repository\org\hibernate\common\hibernate-commons-annotations\5.1.2.Final\hibernate-commons-annotations-5.1.2.Final.jar;E:\repository\org\springframework\data\spring-data-jpa\2.4.2\spring-data-jpa-2.4.2.jar;E:\repository\org\springframework\data\spring-data-commons\2.4.2\spring-data-commons-2.4.2.jar;E:\repository\org\springframework\spring-orm\5.3.2\spring-orm-5.3.2.jar;E:\repository\org\springframework\spring-context\5.3.2\spring-context-5.3.2.jar;E:\repository\org\springframework\spring-tx\5.3.2\spring-tx-5.3.2.jar;E:\repository\org\slf4j\slf4j-api\1.7.30\slf4j-api-1.7.30.jar;E:\repository\org\springframework\spring-aspects\5.3.2\spring-aspects-5.3.2.jar;E:\repository\org\springframework\boot\spring-boot-starter-data-rest\2.4.1\spring-boot-starter-data-rest-2.4.1.jar;E:\repository\org\springframework\data\spring-data-rest-webmvc\3.4.2\spring-data-rest-webmvc-3.4.2.jar;E:\repository\org\springframework\data\spring-data-rest-core\3.4.2\spring-data-rest-core-3.4.2.jar;E:\repository\org\springframework\hateoas\spring-hateoas\1.2.2\spring-hateoas-1.2.2.jar;E:\repository\org\springframework\plugin\spring-plugin-core\2.0.0.RELEASE\spring-plugin-core-2.0.0.RELEASE.jar;E:\repository\org\atteo\evo-inflector\1.2.2\evo-inflector-1.2.2.jar;E:\repository\org\springframework\boot\spring-boot-starter-oauth2-client\2.4.1\spring-boot-starter-oauth2-client-2.4.1.jar;E:\repository\com\sun\mail\jakarta.mail\1.6.5\jakarta.mail-1.6.5.jar;E:\repository\com\sun\activation\jakarta.activation\1.2.2\jakarta.activation-1.2.2.jar;E:\repository\org\springframework\security\spring-security-config\5.4.2\spring-security-config-5.4.2.jar;E:\repository\org\springframework\security\spring-security-core\5.4.2\spring-security-core-5.4.2.jar;E:\repository\org\springframework\spring-expression\5.3.2\spring-expression-5.3.2.jar;E:\repository\org\springframework\security\spring-security-oauth2-client\5.4.2\spring-security-oauth2-client-5.4.2.jar;E:\repository\com\nimbusds\oauth2-oidc-sdk\8.23.1\oauth2-oidc-sdk-8.23.1.jar;E:\repository\com\github\stephenc\jcip\jcip-annotations\1.0-1\jcip-annotations-1.0-1.jar;E:\repository\com\nimbusds\content-type\2.1\content-type-2.1.jar;E:\repository\com\nimbusds\lang-tag\1.4.4\lang-tag-1.4.4.jar;E:\repository\org\springframework\security\spring-security-oauth2-core\5.4.2\spring-security-oauth2-core-5.4.2.jar;E:\repository\org\springframework\security\spring-security-oauth2-jose\5.4.2\spring-security-oauth2-jose-5.4.2.jar;E:\repository\com\nimbusds\nimbus-jose-jwt\9.1.3\nimbus-jose-jwt-9.1.3.jar;E:\repository\org\springframework\boot\spring-boot-starter-oauth2-resource-server\2.4.1\spring-boot-starter-oauth2-resource-server-2.4.1.jar;E:\repository\org\springframework\security\spring-security-oauth2-resource-server\5.4.2\spring-security-oauth2-resource-server-5.4.2.jar;E:\repository\org\springframework\boot\spring-boot-starter-security\2.4.1\spring-boot-starter-security-2.4.1.jar;E:\repository\org\springframework\security\spring-security-web\5.4.2\spring-security-web-5.4.2.jar;E:\repository\io\jsonwebtoken\jjwt\0.9.0\jjwt-0.9.0.jar;E:\repository\com\fasterxml\jackson\core\jackson-databind\2.11.3\jackson-databind-2.11.3.jar;E:\repository\com\fasterxml\jackson\dataformat\jackson-dataformat-xml\2.11.3\jackson-dataformat-xml-2.11.3.jar;E:\repository\com\fasterxml\jackson\core\jackson-core\2.11.3\jackson-core-2.11.3.jar;E:\repository\com\fasterxml\jackson\core\jackson-annotations\2.11.3\jackson-annotations-2.11.3.jar;E:\repository\com\fasterxml\jackson\module\jackson-module-jaxb-annotations\2.11.3\jackson-module-jaxb-annotations-2.11.3.jar;E:\repository\jakarta\activation\jakarta.activation-api\1.2.2\jakarta.activation-api-1.2.2.jar;E:\repository\org\codehaus\woodstox\stax2-api\4.2.1\stax2-api-4.2.1.jar;E:\repository\com\fasterxml\woodstox\woodstox-core\6.2.1\woodstox-core-6.2.1.jar;E:\repository\org\springframework\security\spring-security-jwt\1.1.1.RELEASE\spring-security-jwt-1.1.1.RELEASE.jar;E:\repository\org\bouncycastle\bcpkix-jdk15on\1.64\bcpkix-jdk15on-1.64.jar;E:\repository\org\bouncycastle\bcprov-jdk15on\1.64\bcprov-jdk15on-1.64.jar;E:\repository\org\springframework\security\oauth\boot\spring-security-oauth2-autoconfigure\2.4.0\spring-security-oauth2-autoconfigure-2.4.0.jar;E:\repository\javax\xml\bind\jaxb-api\2.3.1\jaxb-api-2.3.1.jar;E:\repository\javax\activation\javax.activation-api\1.2.0\javax.activation-api-1.2.0.jar;E:\repository\org\springframework\boot\spring-boot\2.4.1\spring-boot-2.4.1.jar;E:\repository\org\springframework\boot\spring-boot-autoconfigure\2.4.1\spring-boot-autoconfigure-2.4.1.jar;E:\repository\org\springframework\security\oauth\spring-security-oauth2\2.5.0.RELEASE\spring-security-oauth2-2.5.0.RELEASE.jar;E:\repository\commons-codec\commons-codec\1.15\commons-codec-1.15.jar;E:\repository\org\springframework\spring-web\5.3.2\spring-web-5.3.2.jar;E:\repository\org\glassfish\jaxb\jaxb-runtime\2.3.3\jaxb-runtime-2.3.3.jar;E:\repository\org\glassfish\jaxb\txw2\2.3.3\txw2-2.3.3.jar;E:\repository\com\sun\istack\istack-commons-runtime\3.0.11\istack-commons-runtime-3.0.11.jar;E:\repository\org\springframework\boot\spring-boot-starter-web\2.4.1\spring-boot-starter-web-2.4.1.jar;E:\repository\org\springframework\boot\spring-boot-starter-json\2.4.1\spring-boot-starter-json-2.4.1.jar;E:\repository\com\fasterxml\jackson\datatype\jackson-datatype-jdk8\2.11.3\jackson-datatype-jdk8-2.11.3.jar;E:\repository\com\fasterxml\jackson\datatype\jackson-datatype-jsr310\2.11.3\jackson-datatype-jsr310-2.11.3.jar;E:\repository\com\fasterxml\jackson\module\jackson-module-parameter-names\2.11.3\jackson-module-parameter-names-2.11.3.jar;E:\repository\org\springframework\boot\spring-boot-starter-tomcat\2.4.1\spring-boot-starter-tomcat-2.4.1.jar;E:\repository\org\apache\tomcat\embed\tomcat-embed-core\9.0.41\tomcat-embed-core-9.0.41.jar;E:\repository\org\glassfish\jakarta.el\3.0.3\jakarta.el-3.0.3.jar;E:\repository\org\apache\tomcat\embed\tomcat-embed-websocket\9.0.41\tomcat-embed-websocket-9.0.41.jar;E:\repository\org\springframework\spring-webmvc\5.3.2\spring-webmvc-5.3.2.jar;E:\repository\org\springframework\boot\spring-boot-devtools\2.4.1\spring-boot-devtools-2.4.1.jar;E:\repository\com\microsoft\sqlserver\mssql-jdbc\8.4.1.jre8\mssql-jdbc-8.4.1.jre8.jar;E:\repository\mysql\mysql-connector-java\8.0.22\mysql-connector-java-8.0.22.jar;E:\repository\org\springframework\boot\spring-boot-configuration-processor\2.4.1\spring-boot-configuration-processor-2.4.1.jar;E:\repository\org\projectlombok\lombok\1.18.16\lombok-1.18.16.jar;E:\repository\org\springframework\boot\spring-boot-starter-test\2.4.1\spring-boot-starter-test-2.4.1.jar;E:\repository\org\springframework\boot\spring-boot-test\2.4.1\spring-boot-test-2.4.1.jar;E:\repository\org\springframework\boot\spring-boot-test-autoconfigure\2.4.1\spring-boot-test-autoconfigure-2.4.1.jar;E:\repository\com\jayway\jsonpath\json-path\2.4.0\json-path-2.4.0.jar;E:\repository\net\minidev\json-smart\2.3\json-smart-2.3.jar;E:\repository\net\minidev\accessors-smart\1.2\accessors-smart-1.2.jar;E:\repository\org\ow2\asm\asm\5.0.4\asm-5.0.4.jar;E:\repository\jakarta\xml\bind\jakarta.xml.bind-api\2.3.3\jakarta.xml.bind-api-2.3.3.jar;E:\repository\org\assertj\assertj-core\3.18.1\assertj-core-3.18.1.jar;E:\repository\org\hamcrest\hamcrest\2.2\hamcrest-2.2.jar;E:\repository\org\junit\jupiter\junit-jupiter\5.7.0\junit-jupiter-5.7.0.jar;E:\repository\org\junit\jupiter\junit-jupiter-api\5.7.0\junit-jupiter-api-5.7.0.jar;E:\repository\org\apiguardian\apiguardian-api\1.1.0\apiguardian-api-1.1.0.jar;E:\repository\org\opentest4j\opentest4j\1.2.0\opentest4j-1.2.0.jar;E:\repository\org\junit\platform\junit-platform-commons\1.7.0\junit-platform-commons-1.7.0.jar;E:\repository\org\junit\jupiter\junit-jupiter-params\5.7.0\junit-jupiter-params-5.7.0.jar;E:\repository\org\junit\jupiter\junit-jupiter-engine\5.7.0\junit-jupiter-engine-5.7.0.jar;E:\repository\org\junit\platform\junit-platform-engine\1.7.0\junit-platform-engine-1.7.0.jar;E:\repository\org\mockito\mockito-core\3.6.28\mockito-core-3.6.28.jar;E:\repository\net\bytebuddy\byte-buddy-agent\1.10.18\byte-buddy-agent-1.10.18.jar;E:\repository\org\objenesis\objenesis\3.1\objenesis-3.1.jar;E:\repository\org\mockito\mockito-junit-jupiter\3.6.28\mockito-junit-jupiter-3.6.28.jar;E:\repository\org\skyscreamer\jsonassert\1.5.0\jsonassert-1.5.0.jar;E:\repository\com\vaadin\external\google\android-json\0.0.20131108.vaadin1\android-json-0.0.20131108.vaadin1.jar;E:\repository\org\springframework\spring-core\5.3.2\spring-core-5.3.2.jar;E:\repository\org\springframework\spring-jcl\5.3.2\spring-jcl-5.3.2.jar;E:\repository\org\springframework\spring-test\5.3.2\spring-test-5.3.2.jar;E:\repository\org\xmlunit\xmlunit-core\2.7.0\xmlunit-core-2.7.0.jar;E:\repository\org\springframework\security\spring-security-test\5.4.2\spring-security-test-5.4.2.jar;E:\repository\org\apache\commons\commons-lang3\3.11\commons-lang3-3.11.jar;E:\repository\org\apache\commons\commons-collections4\4.4\commons-collections4-4.4.jar;E:\repository\commons-io\commons-io\1.3.2\commons-io-1.3.2.jar;"/>
    <property name="sun.cpu.endian" value="little"/>
    <property name="user.home" value="C:\Users\Rintu"/>
    <property name="user.language" value="en"/>
    <property name="java.specification.vendor" value="Oracle Corporation"/>
    <property name="java.home" value="C:\Program Files\Java\jdk1.8.0_121\jre"/>
    <property name="basedir" value="E:\EclipseNeonWorkspace1\talenticaProduct"/>
    <property name="file.separator" value="\"/>
    <property name="line.separator" value="&#10;"/>
    <property name="java.vm.specification.vendor" value="Oracle Corporation"/>
    <property name="java.specification.name" value="Java Platform API Specification"/>
    <property name="java.awt.graphicsenv" value="sun.awt.Win32GraphicsEnvironment"/>
    <property name="surefire.real.class.path" value="C:\Users\Rintu\AppData\Local\Temp\surefire1725902640472408798\surefirebooter819088236469962195.jar"/>
    <property name="sun.boot.class.path" value="C:\Program Files\Java\jdk1.8.0_121\jre\lib\resources.jar;C:\Program Files\Java\jdk1.8.0_121\jre\lib\rt.jar;C:\Program Files\Java\jdk1.8.0_121\jre\lib\sunrsasign.jar;C:\Program Files\Java\jdk1.8.0_121\jre\lib\jsse.jar;C:\Program Files\Java\jdk1.8.0_121\jre\lib\jce.jar;C:\Program Files\Java\jdk1.8.0_121\jre\lib\charsets.jar;C:\Program Files\Java\jdk1.8.0_121\jre\lib\jfr.jar;C:\Program Files\Java\jdk1.8.0_121\jre\classes"/>
    <property name="user.script" value=""/>
    <property name="sun.management.compiler" value="HotSpot 64-Bit Tiered Compilers"/>
    <property name="java.runtime.version" value="1.8.0_121-b13"/>
    <property name="user.name" value="Rintu"/>
    <property name="path.separator" value=";"/>
    <property name="os.version" value="6.1"/>
    <property name="java.endorsed.dirs" value="C:\Program Files\Java\jdk1.8.0_121\jre\lib\endorsed"/>
    <property name="java.runtime.name" value="Java(TM) SE Runtime Environment"/>
    <property name="file.encoding" value="Cp1252"/>
    <property name="java.vm.name" value="Java HotSpot(TM) 64-Bit Server VM"/>
    <property name="localRepository" value="E:\repository"/>
    <property name="java.vendor.url.bug" value="http://bugreport.sun.com/bugreport/"/>
    <property name="java.io.tmpdir" value="C:\Users\Rintu\AppData\Local\Temp\"/>
    <property name="java.version" value="1.8.0_121"/>
    <property name="user.dir" value="E:\EclipseNeonWorkspace1\talenticaProduct"/>
    <property name="os.arch" value="amd64"/>
    <property name="java.vm.specification.name" value="Java Virtual Machine Specification"/>
    <property name="java.awt.printerjob" value="sun.awt.windows.WPrinterJob"/>
    <property name="sun.os.patch.level" value="Service Pack 1"/>
    <property name="java.library.path" value="C:\Program Files\Java\jdk1.8.0_121\jre\bin;C:\Windows\Sun\Java\bin;C:\Windows\system32;C:\Windows;C:\PROGRAM FILES (X86)\COMMON FILES\ORACLE\JAVA\JAVAPATH;C:\PROGRAMDATA\ORACLE\JAVA\JAVAPATH;C:\PROGRAM FILES (X86)\NVIDIA CORPORATION\PHYSX\COMMON;C:\PROGRAM FILES (X86)\INTEL\ICLS CLIENT\;C:\PROGRAM FILES\INTEL\ICLS CLIENT\;C:\Windows\SYSTEM32;C:\Windows;C:\Windows\SYSTEM32\WBEM;C:\Windows\SYSTEM32\WINDOWSPOWERSHELL\V1.0\;C:\PROGRAM FILES\INTEL\INTEL(R) MANAGEMENT ENGINE COMPONENTS\DAL;C:\PROGRAM FILES\INTEL\INTEL(R) MANAGEMENT ENGINE COMPONENTS\IPT;C:\PROGRAM FILES (X86)\INTEL\INTEL(R) MANAGEMENT ENGINE COMPONENTS\DAL;C:\PROGRAM FILES (X86)\INTEL\INTEL(R) MANAGEMENT ENGINE COMPONENTS\IPT;C:\PROGRAM FILES (X86)\INTEL\OPENCL SDK\2.0\BIN\X86;C:\PROGRAM FILES (X86)\INTEL\OPENCL SDK\2.0\BIN\X64;;C:\Program Files\Lenovo\Bluetooth Software\;C:\Program Files\Lenovo\Bluetooth Software\syswow64;C:\Program Files\PuTTY\;C:\Program Files\dotnet\;C:\Program Files\Microsoft SQL Server\130\Tools\Binn\;C:\Program Files\Microsoft SQL Server\Client SDK\ODBC\170\Tools\Binn\;C:\Program Files\MySQL\MySQL Shell 8.0\bin\;C:\Users\Rintu\.dotnet\tools;C:\Program Files\Java\jdk1.8.0_121\bin;E:\Softwares\Maven\apache-maven-3.6.3\bin;.;;.;;."/>
    <property name="java.vm.info" value="mixed mode"/>
    <property name="java.vendor" value="Oracle Corporation"/>
    <property name="java.vm.version" value="25.121-b13"/>
    <property name="java.ext.dirs" value="C:\Program Files\Java\jdk1.8.0_121\jre\lib\ext;C:\Windows\Sun\Java\lib\ext"/>
    <property name="sun.io.unicode.encoding" value="UnicodeLittle"/>
    <property name="java.class.version" value="52.0"/>
  </properties>
  <testcase name="contextLoads" classname="com.talentica.talenticaproduct.TalenticaProductApplicationTests" time="6.042"/>
</testsuite>